{"/Users/rubydang/Documents/GitHub/Fuel_Quote_Project/back-end/jest-mongodb-config.js": {"path":"/Users/rubydang/Documents/GitHub/Fuel_Quote_Project/back-end/jest-mongodb-config.js","statementMap":{"0":{"start":{"line":1,"column":0},"end":{"line":12,"column":4}}},"fnMap":{},"branchMap":{},"s":{"0":1},"f":{},"b":{},"_coverageSchema":"1a1c01bbd47fc00a2c39e90264f33305004495a9","hash":"fcd9d71233ca7e9312a14e262148414df687aab2"}
,"/Users/rubydang/Documents/GitHub/Fuel_Quote_Project/back-end/jest.config.js": {"path":"/Users/rubydang/Documents/GitHub/Fuel_Quote_Project/back-end/jest.config.js","statementMap":{"0":{"start":{"line":1,"column":0},"end":{"line":4,"column":2}}},"fnMap":{},"branchMap":{},"s":{"0":1},"f":{},"b":{},"_coverageSchema":"1a1c01bbd47fc00a2c39e90264f33305004495a9","hash":"fc31cdc39c6f1098a3fb6ef1c081070ce927bd3e"}
,"/Users/rubydang/Documents/GitHub/Fuel_Quote_Project/back-end/configs/db.js": {"path":"/Users/rubydang/Documents/GitHub/Fuel_Quote_Project/back-end/configs/db.js","statementMap":{"0":{"start":{"line":2,"column":17},"end":{"line":2,"column":36}},"1":{"start":{"line":5,"column":18},"end":{"line":15,"column":1}},"2":{"start":{"line":6,"column":4},"end":{"line":14,"column":5}},"3":{"start":{"line":7,"column":21},"end":{"line":9,"column":10}},"4":{"start":{"line":10,"column":8},"end":{"line":10,"column":51}},"5":{"start":{"line":12,"column":8},"end":{"line":12,"column":27}},"6":{"start":{"line":13,"column":8},"end":{"line":13,"column":24}},"7":{"start":{"line":17,"column":0},"end":{"line":17,"column":30}}},"fnMap":{"0":{"name":"(anonymous_0)","decl":{"start":{"line":5,"column":18},"end":{"line":5,"column":19}},"loc":{"start":{"line":5,"column":30},"end":{"line":15,"column":1}},"line":5}},"branchMap":{},"s":{"0":1,"1":1,"2":1,"3":1,"4":1,"5":0,"6":0,"7":1},"f":{"0":1},"b":{},"_coverageSchema":"1a1c01bbd47fc00a2c39e90264f33305004495a9","hash":"4b0b39e5d42f64be45f3940dbf5aa20ed53369c2"}
,"/Users/rubydang/Documents/GitHub/Fuel_Quote_Project/back-end/controllers/authController.js": {"path":"/Users/rubydang/Documents/GitHub/Fuel_Quote_Project/back-end/controllers/authController.js","statementMap":{"0":{"start":{"line":1,"column":13},"end":{"line":1,"column":38}},"1":{"start":{"line":3,"column":12},"end":{"line":3,"column":35}},"2":{"start":{"line":5,"column":15},"end":{"line":5,"column":34}},"3":{"start":{"line":8,"column":0},"end":{"line":27,"column":1}},"4":{"start":{"line":9,"column":4},"end":{"line":26,"column":5}},"5":{"start":{"line":13,"column":21},"end":{"line":13,"column":48}},"6":{"start":{"line":16,"column":22},"end":{"line":16,"column":76}},"7":{"start":{"line":19,"column":8},"end":{"line":22,"column":11}},"8":{"start":{"line":25,"column":7},"end":{"line":25,"column":18}},"9":{"start":{"line":29,"column":0},"end":{"line":75,"column":1}},"10":{"start":{"line":30,"column":4},"end":{"line":74,"column":5}},"11":{"start":{"line":33,"column":21},"end":{"line":33,"column":66}},"12":{"start":{"line":35,"column":8},"end":{"line":39,"column":9}},"13":{"start":{"line":36,"column":24},"end":{"line":36,"column":57}},"14":{"start":{"line":37,"column":12},"end":{"line":37,"column":33}},"15":{"start":{"line":38,"column":12},"end":{"line":38,"column":28}},"16":{"start":{"line":44,"column":8},"end":{"line":70,"column":9}},"17":{"start":{"line":47,"column":26},"end":{"line":47,"column":80}},"18":{"start":{"line":50,"column":12},"end":{"line":63,"column":15}},"19":{"start":{"line":67,"column":24},"end":{"line":67,"column":60}},"20":{"start":{"line":68,"column":12},"end":{"line":68,"column":33}},"21":{"start":{"line":69,"column":12},"end":{"line":69,"column":28}},"22":{"start":{"line":73,"column":8},"end":{"line":73,"column":23}},"23":{"start":{"line":79,"column":0},"end":{"line":104,"column":2}},"24":{"start":{"line":80,"column":4},"end":{"line":103,"column":5}},"25":{"start":{"line":81,"column":21},"end":{"line":81,"column":35}},"26":{"start":{"line":82,"column":8},"end":{"line":94,"column":9}},"27":{"start":{"line":83,"column":25},"end":{"line":83,"column":69}},"28":{"start":{"line":84,"column":12},"end":{"line":93,"column":13}},"29":{"start":{"line":96,"column":8},"end":{"line":99,"column":10}},"30":{"start":{"line":102,"column":8},"end":{"line":102,"column":24}},"31":{"start":{"line":107,"column":0},"end":{"line":121,"column":1}},"32":{"start":{"line":108,"column":4},"end":{"line":120,"column":5}},"33":{"start":{"line":110,"column":27},"end":{"line":110,"column":37}},"34":{"start":{"line":112,"column":28},"end":{"line":112,"column":112}},"35":{"start":{"line":114,"column":8},"end":{"line":117,"column":10}},"36":{"start":{"line":119,"column":8},"end":{"line":119,"column":19}},"37":{"start":{"line":125,"column":0},"end":{"line":144,"column":2}},"38":{"start":{"line":126,"column":4},"end":{"line":143,"column":5}},"39":{"start":{"line":129,"column":22},"end":{"line":129,"column":41}},"40":{"start":{"line":132,"column":8},"end":{"line":139,"column":11}},"41":{"start":{"line":142,"column":8},"end":{"line":142,"column":24}}},"fnMap":{"0":{"name":"(anonymous_0)","decl":{"start":{"line":8,"column":19},"end":{"line":8,"column":20}},"loc":{"start":{"line":8,"column":45},"end":{"line":27,"column":1}},"line":8},"1":{"name":"(anonymous_1)","decl":{"start":{"line":29,"column":16},"end":{"line":29,"column":17}},"loc":{"start":{"line":29,"column":42},"end":{"line":75,"column":1}},"line":29},"2":{"name":"(anonymous_2)","decl":{"start":{"line":79,"column":25},"end":{"line":79,"column":26}},"loc":{"start":{"line":79,"column":51},"end":{"line":104,"column":1}},"line":79},"3":{"name":"(anonymous_3)","decl":{"start":{"line":107,"column":28},"end":{"line":107,"column":29}},"loc":{"start":{"line":107,"column":53},"end":{"line":121,"column":1}},"line":107},"4":{"name":"(anonymous_4)","decl":{"start":{"line":125,"column":21},"end":{"line":125,"column":22}},"loc":{"start":{"line":125,"column":46},"end":{"line":144,"column":1}},"line":125}},"branchMap":{"0":{"loc":{"start":{"line":35,"column":8},"end":{"line":39,"column":9}},"type":"if","locations":[{"start":{"line":35,"column":8},"end":{"line":39,"column":9}},{"start":{},"end":{}}],"line":35},"1":{"loc":{"start":{"line":44,"column":8},"end":{"line":70,"column":9}},"type":"if","locations":[{"start":{"line":44,"column":8},"end":{"line":70,"column":9}},{"start":{"line":65,"column":15},"end":{"line":70,"column":9}}],"line":44},"2":{"loc":{"start":{"line":82,"column":8},"end":{"line":94,"column":9}},"type":"if","locations":[{"start":{"line":82,"column":8},"end":{"line":94,"column":9}},{"start":{},"end":{}}],"line":82}},"s":{"0":1,"1":1,"2":1,"3":1,"4":2,"5":2,"6":1,"7":1,"8":1,"9":1,"10":2,"11":2,"12":2,"13":1,"14":1,"15":1,"16":1,"17":1,"18":1,"19":0,"20":0,"21":0,"22":0,"23":1,"24":0,"25":0,"26":0,"27":0,"28":0,"29":0,"30":0,"31":1,"32":0,"33":0,"34":0,"35":0,"36":0,"37":1,"38":0,"39":0,"40":0,"41":0},"f":{"0":2,"1":2,"2":0,"3":0,"4":0},"b":{"0":[1,1],"1":[1,0],"2":[0,0]},"_coverageSchema":"1a1c01bbd47fc00a2c39e90264f33305004495a9","hash":"31cc9f7b11bc9169dd3f5b2a21eae8bcba0f99b6"}
,"/Users/rubydang/Documents/GitHub/Fuel_Quote_Project/back-end/controllers/quoteController.js": {"path":"/Users/rubydang/Documents/GitHub/Fuel_Quote_Project/back-end/controllers/quoteController.js","statementMap":{"0":{"start":{"line":1,"column":14},"end":{"line":1,"column":40}},"1":{"start":{"line":4,"column":0},"end":{"line":20,"column":2}},"2":{"start":{"line":5,"column":4},"end":{"line":19,"column":5}},"3":{"start":{"line":8,"column":23},"end":{"line":8,"column":62}},"4":{"start":{"line":11,"column":8},"end":{"line":15,"column":11}},"5":{"start":{"line":18,"column":8},"end":{"line":18,"column":24}},"6":{"start":{"line":24,"column":0},"end":{"line":38,"column":1}},"7":{"start":{"line":25,"column":4},"end":{"line":37,"column":5}},"8":{"start":{"line":26,"column":25},"end":{"line":26,"column":33}},"9":{"start":{"line":27,"column":22},"end":{"line":27,"column":73}},"10":{"start":{"line":30,"column":8},"end":{"line":33,"column":11}},"11":{"start":{"line":36,"column":8},"end":{"line":36,"column":20}},"12":{"start":{"line":41,"column":0},"end":{"line":57,"column":2}},"13":{"start":{"line":42,"column":4},"end":{"line":56,"column":5}},"14":{"start":{"line":43,"column":27},"end":{"line":43,"column":37}},"15":{"start":{"line":45,"column":23},"end":{"line":45,"column":57}},"16":{"start":{"line":48,"column":8},"end":{"line":52,"column":11}},"17":{"start":{"line":55,"column":8},"end":{"line":55,"column":24}}},"fnMap":{"0":{"name":"(anonymous_0)","decl":{"start":{"line":4,"column":23},"end":{"line":4,"column":24}},"loc":{"start":{"line":4,"column":48},"end":{"line":20,"column":1}},"line":4},"1":{"name":"(anonymous_1)","decl":{"start":{"line":24,"column":25},"end":{"line":24,"column":26}},"loc":{"start":{"line":24,"column":51},"end":{"line":38,"column":1}},"line":24},"2":{"name":"(anonymous_2)","decl":{"start":{"line":41,"column":24},"end":{"line":41,"column":25}},"loc":{"start":{"line":41,"column":49},"end":{"line":57,"column":1}},"line":41}},"branchMap":{},"s":{"0":2,"1":2,"2":1,"3":1,"4":0,"5":1,"6":2,"7":1,"8":1,"9":0,"10":0,"11":1,"12":2,"13":1,"14":1,"15":1,"16":1,"17":0},"f":{"0":1,"1":1,"2":1},"b":{},"_coverageSchema":"1a1c01bbd47fc00a2c39e90264f33305004495a9","hash":"dc19bbd750e5c0fdedef78a2261f1ed8d67d2df5"}
,"/Users/rubydang/Documents/GitHub/Fuel_Quote_Project/back-end/middlewares/checkCurrentUser.js": {"path":"/Users/rubydang/Documents/GitHub/Fuel_Quote_Project/back-end/middlewares/checkCurrentUser.js","statementMap":{"0":{"start":{"line":10,"column":16},"end":{"line":10,"column":39}},"1":{"start":{"line":12,"column":4},"end":{"line":31,"column":6}},"2":{"start":{"line":13,"column":28},"end":{"line":13,"column":55}},"3":{"start":{"line":15,"column":6},"end":{"line":30,"column":7}},"4":{"start":{"line":16,"column":8},"end":{"line":16,"column":24}},"5":{"start":{"line":17,"column":8},"end":{"line":17,"column":15}},"6":{"start":{"line":19,"column":22},"end":{"line":19,"column":58}},"7":{"start":{"line":22,"column":8},"end":{"line":29,"column":9}},"8":{"start":{"line":23,"column":29},"end":{"line":23,"column":70}},"9":{"start":{"line":24,"column":10},"end":{"line":24,"column":32}},"10":{"start":{"line":25,"column":10},"end":{"line":25,"column":17}},"11":{"start":{"line":27,"column":10},"end":{"line":27,"column":26}},"12":{"start":{"line":28,"column":10},"end":{"line":28,"column":17}}},"fnMap":{"0":{"name":"(anonymous_0)","decl":{"start":{"line":12,"column":31},"end":{"line":12,"column":32}},"loc":{"start":{"line":12,"column":51},"end":{"line":31,"column":5}},"line":12}},"branchMap":{"0":{"loc":{"start":{"line":15,"column":6},"end":{"line":30,"column":7}},"type":"if","locations":[{"start":{"line":15,"column":6},"end":{"line":30,"column":7}},{"start":{"line":18,"column":13},"end":{"line":30,"column":7}}],"line":15}},"s":{"0":1,"1":1,"2":3,"3":3,"4":1,"5":1,"6":2,"7":2,"8":2,"9":1,"10":1,"11":1,"12":1},"f":{"0":3},"b":{"0":[1,2]},"_coverageSchema":"1a1c01bbd47fc00a2c39e90264f33305004495a9","hash":"3dffc141bc28fd2bc0aa1bb6b89b59e4de7438a4"}
,"/Users/rubydang/Documents/GitHub/Fuel_Quote_Project/back-end/middlewares/errorHandler.js": {"path":"/Users/rubydang/Documents/GitHub/Fuel_Quote_Project/back-end/middlewares/errorHandler.js","statementMap":{"0":{"start":{"line":1,"column":0},"end":{"line":31,"column":2}},"1":{"start":{"line":2,"column":2},"end":{"line":2,"column":41}},"2":{"start":{"line":5,"column":2},"end":{"line":10,"column":3}},"3":{"start":{"line":6,"column":4},"end":{"line":6,"column":25}},"4":{"start":{"line":7,"column":4},"end":{"line":9,"column":5}},"5":{"start":{"line":8,"column":6},"end":{"line":8,"column":49}},"6":{"start":{"line":13,"column":2},"end":{"line":19,"column":3}},"7":{"start":{"line":14,"column":4},"end":{"line":14,"column":25}},"8":{"start":{"line":15,"column":4},"end":{"line":15,"column":21}},"9":{"start":{"line":16,"column":4},"end":{"line":18,"column":5}},"10":{"start":{"line":17,"column":6},"end":{"line":17,"column":57}},"11":{"start":{"line":22,"column":2},"end":{"line":25,"column":3}},"12":{"start":{"line":23,"column":4},"end":{"line":23,"column":25}},"13":{"start":{"line":24,"column":4},"end":{"line":24,"column":76}},"14":{"start":{"line":27,"column":2},"end":{"line":30,"column":5}}},"fnMap":{"0":{"name":"(anonymous_0)","decl":{"start":{"line":1,"column":23},"end":{"line":1,"column":24}},"loc":{"start":{"line":1,"column":48},"end":{"line":31,"column":1}},"line":1}},"branchMap":{"0":{"loc":{"start":{"line":2,"column":19},"end":{"line":2,"column":40}},"type":"binary-expr","locations":[{"start":{"line":2,"column":19},"end":{"line":2,"column":33}},{"start":{"line":2,"column":37},"end":{"line":2,"column":40}}],"line":2},"1":{"loc":{"start":{"line":5,"column":2},"end":{"line":10,"column":3}},"type":"if","locations":[{"start":{"line":5,"column":2},"end":{"line":10,"column":3}},{"start":{},"end":{}}],"line":5},"2":{"loc":{"start":{"line":13,"column":2},"end":{"line":19,"column":3}},"type":"if","locations":[{"start":{"line":13,"column":2},"end":{"line":19,"column":3}},{"start":{},"end":{}}],"line":13},"3":{"loc":{"start":{"line":22,"column":2},"end":{"line":25,"column":3}},"type":"if","locations":[{"start":{"line":22,"column":2},"end":{"line":25,"column":3}},{"start":{},"end":{}}],"line":22}},"s":{"0":1,"1":4,"2":4,"3":1,"4":1,"5":1,"6":4,"7":1,"8":1,"9":1,"10":2,"11":4,"12":1,"13":1,"14":4},"f":{"0":4},"b":{"0":[4,4],"1":[1,3],"2":[1,3],"3":[1,3]},"_coverageSchema":"1a1c01bbd47fc00a2c39e90264f33305004495a9","hash":"a551dd415f95f214b51b3efbfdc16771697c7bc7"}
,"/Users/rubydang/Documents/GitHub/Fuel_Quote_Project/back-end/middlewares/verifyToken.js": {"path":"/Users/rubydang/Documents/GitHub/Fuel_Quote_Project/back-end/middlewares/verifyToken.js","statementMap":{"0":{"start":{"line":26,"column":12},"end":{"line":26,"column":35}},"1":{"start":{"line":28,"column":0},"end":{"line":46,"column":2}},"2":{"start":{"line":29,"column":24},"end":{"line":29,"column":51}},"3":{"start":{"line":31,"column":2},"end":{"line":35,"column":3}},"4":{"start":{"line":32,"column":18},"end":{"line":32,"column":43}},"5":{"start":{"line":33,"column":4},"end":{"line":33,"column":27}},"6":{"start":{"line":34,"column":4},"end":{"line":34,"column":23}},"7":{"start":{"line":37,"column":16},"end":{"line":37,"column":52}},"8":{"start":{"line":39,"column":2},"end":{"line":45,"column":3}},"9":{"start":{"line":40,"column":23},"end":{"line":40,"column":64}},"10":{"start":{"line":41,"column":4},"end":{"line":41,"column":26}},"11":{"start":{"line":42,"column":4},"end":{"line":42,"column":11}},"12":{"start":{"line":44,"column":4},"end":{"line":44,"column":14}}},"fnMap":{"0":{"name":"(anonymous_0)","decl":{"start":{"line":28,"column":22},"end":{"line":28,"column":23}},"loc":{"start":{"line":28,"column":42},"end":{"line":46,"column":1}},"line":28}},"branchMap":{"0":{"loc":{"start":{"line":31,"column":2},"end":{"line":35,"column":3}},"type":"if","locations":[{"start":{"line":31,"column":2},"end":{"line":35,"column":3}},{"start":{},"end":{}}],"line":31}},"s":{"0":2,"1":2,"2":3,"3":3,"4":1,"5":1,"6":1,"7":2,"8":2,"9":2,"10":1,"11":1,"12":1},"f":{"0":3},"b":{"0":[1,2]},"_coverageSchema":"1a1c01bbd47fc00a2c39e90264f33305004495a9","hash":"2969cad01d6cf62a9915b01ccf08e3460ce1b82c"}
,"/Users/rubydang/Documents/GitHub/Fuel_Quote_Project/back-end/models/Quote.js": {"path":"/Users/rubydang/Documents/GitHub/Fuel_Quote_Project/back-end/models/Quote.js","statementMap":{"0":{"start":{"line":1,"column":17},"end":{"line":1,"column":36}},"1":{"start":{"line":3,"column":20},"end":{"line":36,"column":2}},"2":{"start":{"line":38,"column":14},"end":{"line":38,"column":50}},"3":{"start":{"line":40,"column":0},"end":{"line":40,"column":23}}},"fnMap":{},"branchMap":{},"s":{"0":5,"1":5,"2":5,"3":5},"f":{},"b":{},"_coverageSchema":"1a1c01bbd47fc00a2c39e90264f33305004495a9","hash":"01bbefca11c47c26a904ae792f5cb323f43be845"}
,"/Users/rubydang/Documents/GitHub/Fuel_Quote_Project/back-end/models/User.js": {"path":"/Users/rubydang/Documents/GitHub/Fuel_Quote_Project/back-end/models/User.js","statementMap":{"0":{"start":{"line":1,"column":17},"end":{"line":1,"column":36}},"1":{"start":{"line":2,"column":15},"end":{"line":2,"column":34}},"2":{"start":{"line":3,"column":15},"end":{"line":3,"column":33}},"3":{"start":{"line":5,"column":19},"end":{"line":67,"column":2}},"4":{"start":{"line":69,"column":0},"end":{"line":80,"column":3}},"5":{"start":{"line":70,"column":13},"end":{"line":70,"column":17}},"6":{"start":{"line":72,"column":2},"end":{"line":79,"column":5}},"7":{"start":{"line":73,"column":4},"end":{"line":78,"column":5}},"8":{"start":{"line":74,"column":6},"end":{"line":74,"column":25}},"9":{"start":{"line":76,"column":6},"end":{"line":76,"column":27}},"10":{"start":{"line":77,"column":6},"end":{"line":77,"column":13}},"11":{"start":{"line":82,"column":13},"end":{"line":82,"column":47}},"12":{"start":{"line":84,"column":0},"end":{"line":84,"column":22}}},"fnMap":{"0":{"name":"(anonymous_0)","decl":{"start":{"line":69,"column":23},"end":{"line":69,"column":24}},"loc":{"start":{"line":69,"column":39},"end":{"line":80,"column":1}},"line":69},"1":{"name":"(anonymous_1)","decl":{"start":{"line":72,"column":33},"end":{"line":72,"column":34}},"loc":{"start":{"line":72,"column":56},"end":{"line":79,"column":3}},"line":72}},"branchMap":{"0":{"loc":{"start":{"line":73,"column":4},"end":{"line":78,"column":5}},"type":"if","locations":[{"start":{"line":73,"column":4},"end":{"line":78,"column":5}},{"start":{"line":75,"column":11},"end":{"line":78,"column":5}}],"line":73}},"s":{"0":2,"1":2,"2":2,"3":2,"4":2,"5":1,"6":1,"7":1,"8":0,"9":1,"10":1,"11":2,"12":2},"f":{"0":1,"1":1},"b":{"0":[0,1]},"_coverageSchema":"1a1c01bbd47fc00a2c39e90264f33305004495a9","hash":"8429e2fff5091c072e2c3b55d61f504824990535"}
,"/Users/rubydang/Documents/GitHub/Fuel_Quote_Project/back-end/routes/authRoute.js": {"path":"/Users/rubydang/Documents/GitHub/Fuel_Quote_Project/back-end/routes/authRoute.js","statementMap":{"0":{"start":{"line":7,"column":4},"end":{"line":7,"column":44}},"1":{"start":{"line":8,"column":29},"end":{"line":8,"column":71}},"2":{"start":{"line":10,"column":24},"end":{"line":10,"column":61}},"3":{"start":{"line":12,"column":16},"end":{"line":12,"column":34}},"4":{"start":{"line":14,"column":15},"end":{"line":14,"column":31}},"5":{"start":{"line":16,"column":0},"end":{"line":16,"column":41}},"6":{"start":{"line":18,"column":0},"end":{"line":18,"column":35}},"7":{"start":{"line":20,"column":0},"end":{"line":20,"column":56}},"8":{"start":{"line":23,"column":0},"end":{"line":23,"column":42}},"9":{"start":{"line":26,"column":0},"end":{"line":26,"column":67}},"10":{"start":{"line":28,"column":0},"end":{"line":28,"column":68}},"11":{"start":{"line":31,"column":0},"end":{"line":31,"column":73}},"12":{"start":{"line":33,"column":0},"end":{"line":33,"column":24}}},"fnMap":{},"branchMap":{},"s":{"0":1,"1":1,"2":1,"3":1,"4":1,"5":1,"6":1,"7":1,"8":1,"9":1,"10":1,"11":1,"12":1},"f":{},"b":{},"_coverageSchema":"1a1c01bbd47fc00a2c39e90264f33305004495a9","hash":"f558e68e7132a65ae440406cda6b8ffe882eed03"}
,"/Users/rubydang/Documents/GitHub/Fuel_Quote_Project/back-end/routes/quoteRoute.js": {"path":"/Users/rubydang/Documents/GitHub/Fuel_Quote_Project/back-end/routes/quoteRoute.js","statementMap":{"0":{"start":{"line":1,"column":16},"end":{"line":1,"column":34}},"1":{"start":{"line":3,"column":54},"end":{"line":3,"column":98}},"2":{"start":{"line":5,"column":22},"end":{"line":5,"column":59}},"3":{"start":{"line":7,"column":15},"end":{"line":7,"column":31}},"4":{"start":{"line":9,"column":0},"end":{"line":9,"column":48}},"5":{"start":{"line":13,"column":0},"end":{"line":13,"column":61}},"6":{"start":{"line":15,"column":0},"end":{"line":15,"column":54}},"7":{"start":{"line":17,"column":0},"end":{"line":17,"column":24}}},"fnMap":{},"branchMap":{},"s":{"0":1,"1":1,"2":1,"3":1,"4":1,"5":1,"6":1,"7":1},"f":{},"b":{},"_coverageSchema":"1a1c01bbd47fc00a2c39e90264f33305004495a9","hash":"5c64fd26f2eb9cb0707255323de540753d17e8f2"}
}
