TN:
SF:jest-mongodb-config.js
FNF:0
FNH:0
DA:1,1
LF:1
LH:1
BRF:0
BRH:0
end_of_record
TN:
SF:jest.config.js
FNF:0
FNH:0
DA:1,1
LF:1
LH:1
BRF:0
BRH:0
end_of_record
TN:
SF:configs/db.js
FN:5,(anonymous_0)
FNF:1
FNH:1
FNDA:1,(anonymous_0)
DA:2,1
DA:5,1
DA:6,1
DA:7,1
DA:10,1
DA:12,0
DA:13,0
DA:17,1
LF:8
LH:6
BRF:0
BRH:0
end_of_record
TN:
SF:controllers/authController.js
FN:8,(anonymous_0)
FN:25,(anonymous_1)
FN:72,(anonymous_2)
FN:100,(anonymous_3)
FN:118,(anonymous_4)
FNF:5
FNH:5
FNDA:2,(anonymous_0)
FNDA:2,(anonymous_1)
FNDA:1,(anonymous_2)
FNDA:1,(anonymous_3)
FNDA:1,(anonymous_4)
DA:1,1
DA:3,1
DA:5,1
DA:8,1
DA:9,2
DA:10,2
DA:13,1
DA:15,1
DA:21,1
DA:25,1
DA:26,2
DA:27,2
DA:29,2
DA:30,1
DA:31,1
DA:32,1
DA:38,1
DA:41,1
DA:44,1
DA:60,0
DA:61,0
DA:62,0
DA:66,0
DA:72,1
DA:73,1
DA:74,1
DA:75,1
DA:76,1
DA:77,1
DA:89,1
DA:95,0
DA:100,1
DA:101,1
DA:103,1
DA:105,1
DA:107,1
DA:112,0
DA:118,1
DA:119,1
DA:122,1
DA:125,1
DA:135,0
LF:42
LH:35
BRDA:29,0,0,1
BRDA:29,0,1,1
BRDA:38,1,0,1
BRDA:38,1,1,0
BRDA:75,2,0,1
BRDA:75,2,1,0
BRF:6
BRH:4
end_of_record
TN:
SF:controllers/quoteController.js
FN:4,(anonymous_0)
FN:24,(anonymous_1)
FN:41,(anonymous_2)
FNF:3
FNH:3
FNDA:1,(anonymous_0)
FNDA:1,(anonymous_1)
FNDA:1,(anonymous_2)
DA:1,2
DA:4,2
DA:5,1
DA:8,1
DA:11,0
DA:18,1
DA:24,2
DA:25,1
DA:26,1
DA:27,0
DA:30,0
DA:36,1
DA:41,2
DA:42,1
DA:43,1
DA:45,1
DA:48,1
DA:55,0
LF:18
LH:14
BRF:0
BRH:0
end_of_record
TN:
SF:middlewares/checkCurrentUser.js
FN:3,(anonymous_0)
FNF:1
FNH:1
FNDA:3,(anonymous_0)
DA:1,1
DA:3,1
DA:4,3
DA:6,3
DA:7,1
DA:8,1
DA:10,2
DA:13,2
DA:14,2
DA:15,1
DA:16,1
DA:18,1
DA:19,1
LF:13
LH:13
BRDA:6,0,0,1
BRDA:6,0,1,2
BRF:2
BRH:2
end_of_record
TN:
SF:middlewares/errorHandler.js
FN:1,(anonymous_0)
FNF:1
FNH:1
FNDA:4,(anonymous_0)
DA:1,1
DA:2,4
DA:5,4
DA:6,1
DA:7,1
DA:8,1
DA:13,4
DA:14,1
DA:15,1
DA:16,1
DA:17,2
DA:22,4
DA:23,1
DA:24,1
DA:27,4
LF:15
LH:15
BRDA:2,0,0,4
BRDA:2,0,1,4
BRDA:5,1,0,1
BRDA:5,1,1,3
BRDA:13,2,0,1
BRDA:13,2,1,3
BRDA:22,3,0,1
BRDA:22,3,1,3
BRF:8
BRH:8
end_of_record
TN:
SF:middlewares/verifyToken.js
FN:3,(anonymous_0)
FNF:1
FNH:1
FNDA:3,(anonymous_0)
DA:1,2
DA:3,2
DA:4,3
DA:6,3
DA:7,1
DA:8,1
DA:9,1
DA:12,2
DA:14,2
DA:15,2
DA:16,1
DA:17,1
DA:19,1
LF:13
LH:13
BRDA:6,0,0,1
BRDA:6,0,1,2
BRF:2
BRH:2
end_of_record
TN:
SF:models/Quote.js
FNF:0
FNH:0
DA:1,5
DA:3,5
DA:38,5
DA:40,5
LF:4
LH:4
BRF:0
BRH:0
end_of_record
TN:
SF:models/User.js
FN:69,(anonymous_0)
FN:72,(anonymous_1)
FNF:2
FNH:2
FNDA:1,(anonymous_0)
FNDA:1,(anonymous_1)
DA:1,2
DA:2,2
DA:3,2
DA:5,2
DA:69,2
DA:70,1
DA:72,1
DA:73,1
DA:74,0
DA:76,1
DA:77,1
DA:82,2
DA:84,2
LF:13
LH:12
BRDA:73,0,0,0
BRDA:73,0,1,1
BRF:2
BRH:1
end_of_record
TN:
SF:routes/authRoute.js
FNF:0
FNH:0
DA:7,1
DA:8,1
DA:10,1
DA:12,1
DA:14,1
DA:16,1
DA:18,1
DA:20,1
DA:23,1
DA:26,1
DA:28,1
DA:31,1
DA:33,1
LF:13
LH:13
BRF:0
BRH:0
end_of_record
TN:
SF:routes/quoteRoute.js
FNF:0
FNH:0
DA:1,1
DA:3,1
DA:5,1
DA:7,1
DA:9,1
DA:13,1
DA:15,1
DA:17,1
LF:8
LH:8
BRF:0
BRH:0
end_of_record
