TN:
SF:controllers/authController.js
FN:8,(anonymous_0)
FN:29,(anonymous_1)
FN:79,(anonymous_2)
FN:107,(anonymous_3)
FN:125,(anonymous_4)
FNF:5
FNH:2
FNDA:2,(anonymous_0)
FNDA:2,(anonymous_1)
FNDA:0,(anonymous_2)
FNDA:0,(anonymous_3)
FNDA:0,(anonymous_4)
DA:1,1
DA:3,1
DA:5,1
DA:8,1
DA:9,2
DA:13,2
DA:16,1
DA:19,1
DA:25,1
DA:29,1
DA:30,2
DA:33,2
DA:35,2
DA:36,1
DA:37,1
DA:38,1
DA:44,1
DA:47,1
DA:50,1
DA:67,0
DA:68,0
DA:69,0
DA:73,0
DA:79,1
DA:80,0
DA:81,0
DA:82,0
DA:83,0
DA:84,0
DA:96,0
DA:102,0
DA:107,1
DA:108,0
DA:110,0
DA:112,0
DA:114,0
DA:119,0
DA:125,1
DA:126,0
DA:129,0
DA:132,0
DA:142,0
LF:42
LH:22
BRDA:35,0,0,1
BRDA:35,0,1,1
BRDA:44,1,0,1
BRDA:44,1,1,0
BRDA:82,2,0,0
BRDA:82,2,1,0
BRF:6
BRH:3
end_of_record
TN:
SF:controllers/quoteController.js
FN:4,(anonymous_0)
FN:24,(anonymous_1)
FN:41,(anonymous_2)
FNF:3
FNH:0
FNDA:0,(anonymous_0)
FNDA:0,(anonymous_1)
FNDA:0,(anonymous_2)
DA:1,1
DA:4,1
DA:5,0
DA:8,0
DA:11,0
DA:18,0
DA:24,1
DA:25,0
DA:26,0
DA:27,0
DA:30,0
DA:36,0
DA:41,1
DA:42,0
DA:43,0
DA:45,0
DA:48,0
DA:55,0
LF:18
LH:4
BRF:0
BRH:0
end_of_record
TN:
SF:middlewares/checkCurrentUser.js
FN:3,(anonymous_0)
FNF:1
FNH:1
FNDA:2,(anonymous_0)
DA:1,1
DA:3,1
DA:5,2
DA:7,2
DA:12,1
DA:15,1
DA:17,1
DA:18,0
DA:19,0
DA:22,1
DA:23,1
LF:11
LH:9
BRDA:7,0,0,1
BRDA:7,0,1,1
BRF:2
BRH:2
end_of_record
TN:
SF:middlewares/errorHandler.js
FN:1,(anonymous_0)
FNF:1
FNH:1
FNDA:4,(anonymous_0)
DA:1,1
DA:2,4
DA:5,4
DA:6,1
DA:7,1
DA:8,1
DA:13,4
DA:14,1
DA:15,1
DA:16,1
DA:17,2
DA:22,4
DA:23,1
DA:24,1
DA:27,4
LF:15
LH:15
BRDA:2,0,0,4
BRDA:2,0,1,4
BRDA:5,1,0,1
BRDA:5,1,1,3
BRDA:13,2,0,1
BRDA:13,2,1,3
BRDA:22,3,0,1
BRDA:22,3,1,3
BRF:8
BRH:8
end_of_record
TN:
SF:middlewares/verifyToken.js
FN:3,(anonymous_0)
FNF:1
FNH:1
FNDA:2,(anonymous_0)
DA:1,2
DA:3,2
DA:5,2
DA:7,2
DA:8,1
DA:9,1
DA:10,1
DA:13,1
DA:15,1
DA:17,0
DA:19,0
LF:11
LH:9
BRDA:7,0,0,1
BRDA:7,0,1,1
BRF:2
BRH:2
end_of_record
TN:
SF:models/Quote.js
FNF:0
FNH:0
DA:1,4
DA:3,4
DA:38,4
DA:40,4
LF:4
LH:4
BRF:0
BRH:0
end_of_record
TN:
SF:models/User.js
FN:69,(anonymous_0)
FN:72,(anonymous_1)
FNF:2
FNH:2
FNDA:1,(anonymous_0)
FNDA:1,(anonymous_1)
DA:1,2
DA:2,2
DA:3,2
DA:5,2
DA:69,2
DA:70,1
DA:72,1
DA:73,1
DA:74,0
DA:76,1
DA:77,1
DA:82,2
DA:84,2
LF:13
LH:12
BRDA:73,0,0,0
BRDA:73,0,1,1
BRF:2
BRH:1
end_of_record
TN:
SF:routes/authRoute.js
FNF:0
FNH:0
DA:7,1
DA:8,1
DA:10,1
DA:12,1
DA:14,1
DA:16,1
DA:18,1
DA:20,1
DA:23,1
DA:26,1
DA:28,1
DA:31,1
DA:33,1
LF:13
LH:13
BRF:0
BRH:0
end_of_record
TN:
SF:routes/quoteRoute.js
FNF:0
FNH:0
DA:1,1
DA:3,1
DA:5,1
DA:7,1
DA:9,1
DA:13,1
DA:15,1
DA:17,1
LF:8
LH:8
BRF:0
BRH:0
end_of_record
